<?xml version="1.0" encoding="UTF-8"?>
<Site BuildName="(empty)"
	BuildStamp="20251022-0529-Experimental"
	Name="cutop03"
	Generator="ctest-3.22.1"
	CompilerName="/usr/lib/ccache/g++"
	CompilerVersion="11.4.0"
	OSName="Linux"
	Hostname="cutop03"
	OSRelease="6.8.0-83-generic"
	OSVersion="#83~22.04.1-Ubuntu SMP PREEMPT_DYNAMIC Tue Sep  9 18:19:47 UTC 2"
	OSPlatform="x86_64"
	Is64Bits="1"
	VendorString="GenuineIntel"
	VendorID="Intel Corporation"
	FamilyID="6"
	ModelID="183"
	ProcessorCacheSize="36864"
	NumberOfLogicalCPU="32"
	NumberOfPhysicalCPU="24"
	TotalVirtualMemory="32767"
	TotalPhysicalMemory="64108"
	LogicalProcessorsPerPhysical="1"
	ProcessorClockFrequency="5480.3"
	>
	<Testing>
		<StartDateTime>Oct 22 16:11 KST</StartDateTime>
		<StartTestTime>1761117089</StartTestTime>
		<TestList/>
		<EndDateTime>Oct 22 16:11 KST</EndDateTime>
		<EndTestTime>1761117089</EndTestTime>
		<ElapsedMinutes>0</ElapsedMinutes>
	</Testing>
</Site>
