<?xml version="1.0" encoding="UTF-8"?>
<Site BuildName="(empty)"
	BuildStamp="20250910-1103-Experimental"
	Name="cutop03"
	Generator="ctest-3.22.1"
	CompilerName="/usr/lib/ccache/g++"
	CompilerVersion="11.4.0"
	OSName="Linux"
	Hostname="cutop03"
	OSRelease="6.8.0-79-generic"
	OSVersion="#79~22.04.1-Ubuntu SMP PREEMPT_DYNAMIC Fri Aug 15 16:54:53 UTC 2"
	OSPlatform="x86_64"
	Is64Bits="1"
	VendorString="GenuineIntel"
	VendorID="Intel Corporation"
	FamilyID="6"
	ModelID="183"
	ProcessorCacheSize="36864"
	NumberOfLogicalCPU="32"
	NumberOfPhysicalCPU="24"
	TotalVirtualMemory="32767"
	TotalPhysicalMemory="64108"
	LogicalProcessorsPerPhysical="1"
	ProcessorClockFrequency="5498.94"
	>
	<Testing>
		<StartDateTime>Sep 10 20:03 KST</StartDateTime>
		<StartTestTime>1757502223</StartTestTime>
		<TestList/>
		<EndDateTime>Sep 10 20:03 KST</EndDateTime>
		<EndTestTime>1757502223</EndTestTime>
		<ElapsedMinutes>0</ElapsedMinutes>
	</Testing>
</Site>
